           1   2.00000000000000        1.00000000000000     
   23.5268492827000        5.30251934565470        4.43691908488363     
  -2.80237612130636     
           2   23.5268492827000        5.30251934565470     
   25.6288597172937        5.51317348542425        4.64865830633688     
  -2.86154923890773     
           3   25.6288597172937        5.51317348542425     
   25.7386270671471        5.52393509776050        4.65947311321271     
  -2.86167219395513     
           4   25.7386270671471        5.52393509776050     
   25.7440431716929        5.52446550652481        4.66000613838339     
  -2.86167248952198     
           5   25.7440431716929        5.52446550652481     
   25.7443096506876        5.52449160186522        4.66003236243414     
  -2.86167249023703     
           1   2.00000000000000        1.00000000000000     
   23.5281947936550        5.30265841152661        4.43705646633974     
  -2.80237319480707     
           2   23.5281947936550        5.30265841152661     
   25.6304632526149        5.51333218403190        4.64881534380382     
  -2.86154923397504     
           3   25.6304632526149        5.51333218403190     
   25.7402455676381        5.52409493051200        4.65963128646892     
  -2.86167219715887     
           4   25.7402455676381        5.52409493051200     
   25.7456624636380        5.52462540032593        4.66016437279515     
  -2.86167249275088     
           5   25.7456624636380        5.52462540032593     
   25.7459289841240        5.52465149891957        4.66019060010555     
  -2.86167249346601     
           1   2.00000000000000        1.00000000000000     
   23.5295404278240        5.30279748611760        4.43719385653005     
  -2.80237026818767     
           2   23.5295404278240        5.30279748611760     
   25.6320669476272        5.51349089344082        4.64897239208660     
  -2.86154922899300     
           3   25.6320669476272        5.51349089344082     
   25.7418642301043        5.52425477419555        4.65978947067171     
  -2.86167220031357     
           4   25.7418642301043        5.52425477419555     
   25.7472819176842        5.52478530506649        4.66032261816087     
  -2.86167249593075     
           5   25.7472819176842        5.52478530506649     
   25.7475484796684        5.52481140691376        4.66034884873135     
  -2.86167249664595     
           1   2.00000000000000        1.00000000000000     
   23.5308861852226        5.30293656942851        4.43733125545540     
  -2.80236734144815     
           2   23.5308861852226        5.30293656942851     
   25.6336708023523        5.51364961365215        4.64912945118633     
  -2.86154922396163     
           3   25.6336708023523        5.51364961365215     
   25.7434830545678        5.52441462881227        4.65994766582220     
  -2.86167220341924     
           4   25.7434830545678        5.52441462881227     
   25.7489015338536        5.52494522074764        4.66048087448172     
  -2.86167249906159     
           5   25.7489015338536        5.52494522074764     
   25.7491681373429        5.52497132584896        4.66050710831270     
  -2.86167249977686     
           1   2.00000000000000        1.00000000000000     
   23.5322320658661        5.30307566146017        4.43746866311664     
  -2.80236441458853     
           2   23.5322320658661        5.30307566146017     
   25.6352748168118        5.51380834466700        4.64928652110414     
  -2.86154921888092     
           3   25.6352748168118        5.51380834466700     
   25.7451020410506        5.52457449436331        4.66010587192157     
  -2.86167220647588     
           4   25.7451020410506        5.52457449436331     
   25.7505213121682        5.52510514737051        4.66063914175884     
  -2.86167250214339     
           5   25.7505213121682        5.52510514737051     
   25.7507879571696        5.52513125572630        4.66066537885072     
  -2.86167250285874     
           1   2.00000000000000        1.00000000000000     
   23.5335780697701        5.30321476221345        4.43760607951461     
  -2.80236148760881     
           2   23.5335780697701        5.30321476221345     
   25.6368789910276        5.51396708648651        4.64944360184118     
  -2.86154921375087     
           3   25.6368789910276        5.51396708648651     
   25.7467211895749        5.52473437084983        4.66026408897094     
  -2.86167220948348     
           4   25.7467211895749        5.52473437084983     
   25.7521412526505        5.52526508493627        4.66079741999338     
  -2.86167250517617     
           5   25.7521412526505        5.52526508493627     
   25.7524079391707        5.52529119654695        4.66082366034659     
  -2.86167250589159     
           1   2.00000000000000        1.00000000000000     
   23.5349241969495        5.30335387168914        4.43774350465011     
  -2.80235856050897     
           2   23.5349241969495        5.30335387168914     
   25.6384833250208        5.51412583911177        4.64960069339852     
  -2.86154920857150     
           3   25.6384833250208        5.51412583911177     
   25.7483405001624        5.52489425827292        4.66042231697143     
  -2.86167221244206     
           4   25.7483405001624        5.52489425827292     
   25.7537613553220        5.52542503344602        4.66095570918645     
  -2.86167250815992     
           5   25.7537613553220        5.52542503344602     
   25.7540280833679        5.52545114831198        4.66098195280139     
  -2.86167250887541     
           1   2.00000000000000        1.00000000000000     
   23.5362704474203        5.30349298988812        4.43788093852403     
  -2.80235563328903     
           2   23.5362704474203        5.30349298988812     
   25.6400878188136        5.51428460254394        4.64975779577733     
  -2.86154920334278     
           3   25.6400878188136        5.51428460254394     
   25.7499599728357        5.52505415663378        4.66058055592422     
  -2.86167221535160     
           4   25.7499599728357        5.52505415663378     
   25.7553816202051        5.52558499290093        4.66111400933922     
  -2.86167251109463     
           5   25.7553816202051        5.52558499290093     
   25.7556483897837        5.52561111102262        4.66114025621632     
  -2.86167251181021     
           1   2.00000000000000        1.00000000000000     
   23.5376168211976        5.30363211681121        4.43801838113717     
  -2.80235270594898     
           2   23.5376168211976        5.30363211681121     
   25.6416924724272        5.51444337678411        4.64991490897869     
  -2.86154919806474     
           3   25.6416924724272        5.51444337678411     
   25.7515796076162        5.52521406593349        4.66073880583040     
  -2.86167221821212     
           4   25.7515796076162        5.52521406593349     
   25.7570020473218        5.52574496330213        4.66127232045281     
  -2.86167251398032     
           5   25.7570020473218        5.52574496330213     
   25.7572688584399        5.52577108467994        4.66129857059248     
  -2.86167251469597     
           1   2.00000000000000        1.00000000000000     
   23.5389633182970        5.30377125245926        4.43815583249040     
  -2.80234977848883     
           2   23.5389633182970        5.30377125245926     
   25.6432972858835        5.51460216183341        4.65007203300375     
  -2.86154919273736     
           3   25.6432972858835        5.51460216183341     
   25.7531994045264        5.52537398617323        4.66089706669115     
  -2.86167222102361     
           4   25.7531994045264        5.52537398617323     
   25.7586226366941        5.52590494465076        4.66143064252838     
  -2.86167251681699     
           5   25.7586226366941        5.52590494465076     
   25.7588894893587        5.52593106928512        4.66145689593103     
  -2.86167251753271     
           1   2.00000000000000        1.00000000000000     
   23.5403099387339        5.30391039683311        4.43829329258456     
  -2.80234685090858     
           2   23.5403099387339        5.30391039683311     
   25.6449022592043        5.51476095769298        4.65022916785363     
  -2.86154918736066     
           3   25.6449022592043        5.51476095769298     
   25.7548193635885        5.52553391735415        4.66105533850762     
  -2.86167222378608     
           4   25.7548193635885        5.52553391735415     
   25.7602433883444        5.52606493694798        4.66158897556707     
  -2.86167251960463     
           5   25.7602433883444        5.52606493694798     
   25.7605102825623        5.52609106483930        4.66161523223313     
  -2.86167252032043     
           1   2.00000000000000        1.00000000000000     
   23.5416566825238        5.30404954993362        4.43843076142048     
  -2.80234392320822     
           2   23.5416566825238        5.30404954993362     
   25.6465073924112        5.51491976436394        4.65038631352946     
  -2.86154918193462     
           3   25.6465073924112        5.51491976436394     
   25.7564394848243        5.52569385947738        4.66121362128093     
  -2.86167222649952     
           4   25.7564394848243        5.52569385947738     
   25.7618643022948        5.52622494019493        4.66174731957003     
  -2.86167252234325     
           5   25.7618643022948        5.52622494019493     
   25.7621312380727        5.52625107134362        4.66177357949990     
  -2.86167252305912     
           1   2.00000000000000        1.00000000000000     
   23.5430035496818        5.30418871176157        4.43856823899898     
  -2.80234099538777     
           2   23.5430035496818        5.30418871176157     
   25.6481126855255        5.51507858184739        4.65054347003233     
  -2.86154917645926     
           3   25.6481126855255        5.51507858184739     
   25.7580597682559        5.52585381254403        4.66137191501221     
  -2.86167222916393     
           4   25.7580597682559        5.52585381254403     
   25.7634853785669        5.52638495439273        4.66190567453837     
  -2.86167252503284     
           5   25.7634853785669        5.52638495439273     
   25.7637523559120        5.52641108879922        4.66193193773248     
  -2.86167252574879     
           1   2.00000000000000        1.00000000000000     
   23.5443505402236        5.30432788231785        4.43870572532092     
  -2.80233806744721     
           2   23.5443505402236        5.30432788231785     
   25.6497181385692        5.51523741014446        4.65070063736338     
  -2.86154917093457     
           3   25.6497181385692        5.51523741014446     
   25.7596802139054        5.52601377655528        4.66153021970261     
  -2.86167223177932     
           4   25.7596802139054        5.52601377655528     
   25.7651066171832        5.52654497954253        4.66206404047325     
  -2.86167252767341     
           5   25.7651066171832        5.52654497954253     
   25.7653736361022        5.52657111720721        4.66209030693201     
  -2.86167252838943     
           1   2.00000000000000        1.00000000000000     
   23.5456976541647        5.30446706160329        4.43884322038715     
  -2.80233513938655     
           2   23.5456976541647        5.30446706160329     
   25.6513237515640        5.51539624925628        4.65085781552375     
  -2.86154916536055     
           3   25.6513237515640        5.51539624925628     
   25.7613008217950        5.52617375151226        4.66168853535329     
  -2.86167223434569     
           4   25.7613008217950        5.52617375151226     
   25.7667280181658        5.52670501564548        4.66222241737583     
  -2.86167253026496     
           5   25.7667280181658        5.52670501564548     
   25.7669950786657        5.52673115656880        4.66224868709966     
  -2.86167253098106     
           1   2.00000000000000        1.00000000000000     
   23.5470448915206        5.30460624961874        4.43898072419851     
  -2.80233221120580     
           2   23.5470448915206        5.30460624961874     
   25.6529295245314        5.51555509918399        4.65101500451455     
  -2.86154915973721     
           3   25.6529295245314        5.51555509918399     
   25.7629215919467        5.52633373741611        4.66184686196538     
  -2.86167223686304     
           4   25.7629215919467        5.52633373741611     
   25.7683495815368        5.52686506270274        4.66238080524724     
  -2.86167253280749     
           5   25.7683495815368        5.52686506270274     
   25.7686166836244        5.52689120688509        4.66240707823655     
  -2.86167253352366     
           1   2.00000000000000        1.00000000000000     
   23.5483922523063        5.30474544636502        4.43911823675582     
  -2.80232928290495     
           2   23.5483922523063        5.30474544636502     
   25.6545354574931        5.51571395992867        4.65117220433688     
  -2.86154915406454     
           3   25.6545354574931        5.51571395992867     
   25.7645425243823        5.52649373426795        4.66200519953999     
  -2.86167223933136     
           4   25.7645425243823        5.52649373426795     
   25.7699713073180        5.52702512071539        4.66253920408859     
  -2.86167253530100     
           5   25.7699713073180        5.52702512071539     
   25.7702384510003        5.52705126815721        4.66256548034381     
  -2.86167253601725     
           1   2.00000000000000        1.00000000000000     
   23.5497397365380        5.30488465184302        4.43925575805996     
  -2.80232635448401     
           2   23.5497397365380        5.30488465184302     
   25.6561415504712        5.51587283149150        4.65132941499192     
  -2.86154914834255     
           3   25.6561415504712        5.51587283149150     
   25.7661636191248        5.52665374206900        4.66216354807834     
  -2.86167224175067     
           4   25.7661636191248        5.52665374206900     
   25.7715931955322        5.52718518968467        4.66269761390110     
  -2.86167253774550     
           5   25.7715931955322        5.52718518968467     
   25.7718603808159        5.52721134038635        4.66272389342262     
  -2.86167253846182     
           1   2.00000000000000        1.00000000000000     
   23.5510873442303        5.30502386605349        4.43939328811171     
  -2.80232342594297     
           2   23.5510873442303        5.30502386605349     
   25.6577478034866        5.51603171387354        4.65148663648072     
  -2.86154914257123     
           3   25.6577478034866        5.51603171387354     
   25.7677848761952        5.52681376082029        4.66232190758148     
  -2.86167224412096     
           4   25.7677848761952        5.52681376082029     
   25.7732152462008        5.52734526961163        4.66285603468584     
  -2.86167254014097     
           5   25.7732152462008        5.52734526961163     
   25.7734824730929        5.52737142357361        4.66288231747409     
  -2.86167254085737     
           1   2.00000000000000        1.00000000000000     
   23.5524350753994        5.30516308899737        4.43953082691197     
  -2.80232049728183     
           2   23.5524350753994        5.30516308899737     
   25.6593542165619        5.51619060707598        4.65164386880448     
  -2.86154913675060     
           3   25.6593542165619        5.51619060707598     
   25.7694062956165        5.52697379052306        4.66248027805064     
  -2.86167224644223     
           4   25.7694062956165        5.52697379052306     
   25.7748374593465        5.52750536049749        4.66301446644400     
  -2.86167254248743     
           5   25.7748374593465        5.52750536049749     
   25.7751047278541        5.52753151772017        4.66304075249940     
  -2.86167254320390     
           1   2.00000000000000        1.00000000000000     
   23.5537829300600        5.30530232067542        4.43966837446153     
  -2.80231756850061     
           2   23.5537829300600        5.30530232067542     
   25.6609607897179        5.51634951109988        4.65180111196426     
  -2.86154913088064     
           3   25.6609607897179        5.51634951109988     
   25.7710278774101        5.52713383117838        4.66263865948687     
  -2.86167224871448     
           4   25.7710278774101        5.52713383117838     
   25.7764598349909        5.52766546234332        4.66317290917667     
  -2.86167254478488     
           5   25.7764598349909        5.52766546234332     
   25.7767271451206        5.52769162282712        4.66319919849964     
  -2.86167254550142     
           1   2.00000000000000        1.00000000000000     
   23.5551309082283        5.30544156108854        4.43980593076129     
  -2.80231463959929     
           2   23.5551309082283        5.30544156108854     
   25.6625675229770        5.51650842594642        4.65195836596123     
  -2.86154912496136     
           3   25.6625675229770        5.51650842594642     
   25.7726496215987        5.52729388278745        4.66279705189140     
  -2.86167225093772     
           4   25.7726496215987        5.52729388278745     
   25.7780823731567        5.52782557515033        4.66333136288506     
  -2.86167254703331     
           5   25.7780823731567        5.52782557515033     
   25.7783497249155        5.52785173889567        4.66335765547601     
  -2.86167254774992     
           1   2.00000000000000        1.00000000000000     
   23.5564790099194        5.30558081023754        4.43994349581205     
  -2.80231171057788     
           2   23.5564790099194        5.30558081023754     
   25.6641744163607        5.51666735161669        4.65211563079649     
  -2.86154911899277     
           3   25.6641744163607        5.51666735161669     
   25.7742715282042        5.52745394535139        4.66295545526533     
  -2.86167225311194     
           4   25.7742715282042        5.52745394535139     
   25.7797050738657        5.52798569891963        4.66348982757028     
  -2.86167254923272     
           5   25.7797050738657        5.52798569891963     
   25.7799724672605        5.52801186592693        4.66351612342963     
  -2.86167254994941     
           1   2.00000000000000        1.00000000000000     
   23.5578272351489        5.30572006812329        4.44008106961467     
  -2.80230878143638     
           2   23.5578272351489        5.30572006812329     
   25.6657814698907        5.51682628811184        4.65227290647118     
  -2.86154911297486     
           3   25.6657814698907        5.51682628811184     
   25.7758935972485        5.52761401887134        4.66311386960981     
  -2.86167225523715     
           4   25.7758935972485        5.52761401887134     
   25.7813279371401        5.52814583365237        4.66364830323348     
  -2.86167255138313     
           5   25.7813279371401        5.52814583365237     
   25.7815953721779        5.52817200392205        4.66367460236164     
  -2.86167255209989     
           1   2.00000000000000        1.00000000000000     
   23.5591755839319        5.30585933474659        4.44021865216996     
  -2.80230585217479     
           2   23.5591755839319        5.30585933474659     
   25.6673886835883        5.51698523543295        4.65243019298638     
  -2.86154910690763     
           3   25.6673886835883        5.51698523543295     
   25.7775158287539        5.52777410334843        4.66327229492596     
  -2.86167225731335     
           4   25.7775158287539        5.52777410334843     
   25.7829509630020        5.52830597934969        4.66380678987578     
  -2.86167255348452     
           5   25.7829509630020        5.52830597934969     
   25.7832184396896        5.52833215288215        4.66383309227317     
  -2.86167255420136     
           1   2.00000000000000        1.00000000000000     
   23.5605240562844        5.30599861010832        4.44035624347881     
  -2.80230292279312     
           2   23.5605240562844        5.30599861010832     
   25.6689960574760        5.51714419358120        4.65258749034329     
  -2.86154910079108     
           3   25.6689960574760        5.51714419358120     
   25.7791382227427        5.52793419878383        4.66343073121497     
  -2.86167225934053     
           4   25.7791382227427        5.52793419878383     
   25.7845741514737        5.52846613601275        4.66396528749837     
  -2.86167255553690     
           5   25.7845741514737        5.52846613601275     
   25.7848416698180        5.52849231280841        4.66399159316540     
  -2.86167255625382     
           1   2.00000000000000        1.00000000000000     
   23.5618726522215        5.30613789420931        4.44049384354203     
  -2.80229999329136     
           2   23.5618726522215        5.30613789420931     
   25.6706035915749        5.51730316255767        4.65274479854297     
  -2.86154909462522     
           3   25.6706035915749        5.51730316255767     
   25.7807607792368        5.52809430517867        4.66358917847794     
  -2.86167226131871     
           4   25.7807607792368        5.52809430517867     
   25.7861975025772        5.52862630364268        4.66412379610235     
  -2.86167255754027     
           5   25.7861975025772        5.52862630364268     
   25.7864650625852        5.52865248370197        4.66415010503946     
  -2.86167255825727     
           1   2.00000000000000        1.00000000000000     
   23.5632213717588        5.30627718705039        4.44063145236046     
  -2.80229706366951     
           2   23.5632213717588        5.30627718705039     
   25.6722112859069        5.51746214236350        4.65290211758657     
  -2.86154908841005     
           3   25.6722112859069        5.51746214236350     
   25.7823834982584        5.52825442253409        4.66374763671604     
  -2.86167226324787     
           4   25.7823834982584        5.52825442253409     
   25.7878210163347        5.52878648224062        4.66428231568889     
  -2.86167255949464     
           5   25.7878210163347        5.52878648224062     
   25.7880886180133        5.52881266556395        4.66430862789648     
  -2.86167256021170     
           1   2.00000000000000        1.00000000000000     
   23.5645702149117        5.30641648863241        4.44076906993496     
  -2.80229413392758     
           2   23.5645702149117        5.30641648863241     
   25.6738191404938        5.51762113299984        4.65305944747522     
  -2.86154908214556     
           3   25.6738191404938        5.51762113299984     
   25.7840063798297        5.52841455085126        4.66390610593041     
  -2.86167226512803     
           4   25.7840063798297        5.52841455085126     
   25.7894446927685        5.52894667180773        4.66444084625913     
  -2.86167256139999     
           5   25.7894446927685        5.52894667180773     
   25.7897123361245        5.52897285839551        4.66446716173762     
  -2.86167256211713     
           1   2.00000000000000        1.00000000000000     
   23.5659191816960        5.30655579895625        4.44090669626638     
  -2.80229120406556     
           2   23.5659191816960        5.30655579895625     
   25.6754271553576        5.51778013446780        4.65321678821007     
  -2.86154907583176     
           3   25.6754271553576        5.51778013446780     
   25.7856294239730        5.52857469013131        4.66406458612221     
  -2.86167226695917     
           4   25.7856294239730        5.52857469013131     
   25.7910685319008        5.52910687234517        4.66459938781425     
  -2.86167256325635     
           5   25.7910685319008        5.52910687234517     
   25.7913362169412        5.52913306219783        4.66462570656404     
  -2.86167256397356     
           1   2.00000000000000        1.00000000000000     
   23.5672682721265        5.30669511802267        4.44104433135552     
  -2.80228827408346     
           2   23.5672682721265        5.30669511802267     
   25.6770353305193        5.51793914676848        4.65337413979217     
  -2.86154906946865     
           3   25.6770353305193        5.51793914676848     
   25.7872526307098        5.52873484037534        4.66422307729252     
  -2.86167226874132     
           4   25.7872526307098        5.52873484037534     
   25.7926925337534        5.52926708385404        4.66475794035531     
  -2.86167256506369     
           5   25.7926925337534        5.52926708385404     
   25.7929602604850        5.52929327697198        4.66478426237684     
  -2.86167256578098     
           1   2.00000000000000        1.00000000000000     
   23.5686174862195        5.30683444583258        4.44118197520327     
  -2.80228534398128     
           2   23.5686174862195        5.30683444583258     
   25.6786436660013        5.51809816990303        4.65353150222271     
  -2.86154906305623     
           3   25.6786436660013        5.51809816990303     
   25.7888760000631        5.52889500158456        4.66438157944256     
  -2.86167227047445     
           4   25.7888760000631        5.52889500158456     
   25.7943166983488        5.52942730633552        4.66491650388353     
  -2.86167256682203     
           5   25.7943166983488        5.52942730633552     
   25.7945844667786        5.52945350271917        4.66494282917722     
  -2.86167256753939     
           1   2.00000000000000        1.00000000000000     
   23.5699668239898        5.30697378238680        4.44131962781043     
  -2.80228241375902     
           2   23.5699668239898        5.30697378238680     
   25.6802521618250        5.51825720387258        4.65368887550280     
  -2.86154905659450     
           3   25.6802521618250        5.51825720387258     
   25.7904995320544        5.52905517376008        4.66454009257343     
  -2.86167227215858     
           4   25.7904995320544        5.52905517376008     
   25.7959410257091        5.52958753979074        4.66507507840002     
  -2.86167256853137     
           5   25.7959410257091        5.52958753979074     
   25.7962088358440        5.52961373944051        4.66510140696628     
  -2.86167256924880     
           1   2.00000000000000        1.00000000000000     
   23.5713162854534        5.30711312768618        4.44145728917788     
  -2.80227948341668     
           2   23.5713162854534        5.30711312768618     
   25.6818608180123        5.51841624867824        4.65384625963356     
  -2.86154905008347     
           3   25.6818608180123        5.51841624867824     
   25.7921232267063        5.52921535690306        4.66469861668629     
  -2.86167227379370     
           4   25.7921232267063        5.52921535690306     
   25.7975655158565        5.52974778422085        4.66523366390595     
  -2.86167257019170     
           5   25.7975655158565        5.52974778422085     
   25.7978333677034        5.52977398713718        4.66525999574519     
  -2.86167257090921     
           1   2.00000000000000        1.00000000000000     
   23.5726658706253        5.30725248173154        4.44159495930643     
  -2.80227655295426     
           2   23.5726658706253        5.30725248173154     
   25.6834696345847        5.51857530432113        4.65400365461609     
  -2.86154904352312     
           3   25.6834696345847        5.51857530432113     
   25.7937470840405        5.52937555101461        4.66485715178226     
  -2.86167227537983     
           4   25.7937470840405        5.52937555101461     
   25.7991901688129        5.52990803962699        4.66539226040243     
  -2.86167257180303     
           5   25.7991901688129        5.52990803962699     
   25.7994580623788        5.52993424581027        4.66541859551507     
  -2.86167257252062     
           1   2.00000000000000        1.00000000000000     
   23.5740155795216        5.30739184452376        4.44173263819697     
  -2.80227362237176     
           2   23.5740155795216        5.30739184452376     
   25.6850786115644        5.51873437080242        4.65416106045159     
  -2.86154903691347     
           3   25.6850786115644        5.51873437080242     
   25.7953711040797        5.52953575609593        4.66501569786254     
  -2.86167227691695     
           4   25.7953711040797        5.52953575609593     
   25.8008149846011        5.53006830601033        4.66555086789065     
  -2.86167257336536     
           5   25.8008149846011        5.53006830601033     
   25.8010829198929        5.53009451546099        4.66557720627712     
  -2.86167257408303     
           1   2.00000000000000        1.00000000000000     
   23.5753654121572        5.30753121606365        4.44187032585029     
  -2.80227069166919     
           2   23.5753654121572        5.30753121606365     
   25.6866877489728        5.51889344812319        4.65431847714111     
  -2.86154903025452     
           3   25.6866877489728        5.51889344812319     
   25.7969952868458        5.52969597214813        4.66517425492823     
  -2.86167227840507     
           4   25.7969952868458        5.52969597214813     
   25.8024399632428        5.53022858337200        4.66570948637173     
  -2.86167257487869     
           5   25.8024399632428        5.53022858337200     
   25.8027079402674        5.53025479609045        4.66573582803243     
  -2.86167257559643     
           1   2.00000000000000        1.00000000000000     
   23.5767153685481        5.30767059635209        4.44200802226727     
  -2.80226776084654     
           2   23.5767153685481        5.30767059635209     
   25.6882970468320        5.51905253628461        4.65447590468585     
  -2.86154902354626     
           3   25.6882970468320        5.51905253628461     
   25.7986196323612        5.52985619917239        4.66533282298051     
  -2.86167227984419     
           4   25.7986196323612        5.52985619917239     
   25.8040651047606        5.53038887171316        4.66586811584685     
  -2.86167257634303     
           5   25.8040651047606        5.53038887171316     
   25.8043331235249        5.53041508769982        4.66589446078220     
  -2.86167257706084     
           1   2.00000000000000        1.00000000000000     
   23.5780654487094        5.30780998538988        4.44214572744873     
  -2.80226482990381     
           2   23.5780654487094        5.30780998538988     
   25.6899065051633        5.51921163528775        4.65463334308685     
  -2.86154901678869     
           3   25.6899065051633        5.51921163528775     
   25.8002441406476        5.53001643716979        4.66549140202047     
  -2.86167228123431     
           4   25.8002441406476        5.53001643716979     
   25.8056904091762        5.53054917103492        4.66602675631709     
  -2.86167257775836     
           5   25.8056904091762        5.53054917103492     
   25.8059584696871        5.53057539029021        4.66605310452751     
  -2.86167257847625     
           1   2.00000000000000        1.00000000000000     
   23.5794156526567        5.30794938317788        4.44228344139552     
  -2.80226189884102     
           2   23.5794156526567        5.30794938317788     
   25.6915161239886        5.51937074513377        4.65479079234529     
  -2.86154900998183     
           3   25.6915161239886        5.51937074513377     
   25.8018688117275        5.53017668614153        4.66564999204931     
  -2.86167228257543     
           4   25.8018688117275        5.53017668614153     
   25.8073158765121        5.53070948133845        4.66618540778364     
  -2.86167257912470     
           5   25.8073158765121        5.53070948133845     
   25.8075839787765        5.53073570386279        4.66621175926956     
  -2.86167257984266     
           1   2.00000000000000        1.00000000000000     
   23.5807659804058        5.30808878971697        4.44242116410851     
  -2.80225896765814     
           2   23.5807659804058        5.30808878971697     
   25.6931259033302        5.51952986582382        4.65494825246232     
  -2.86154900312566     
           3   25.6931259033302        5.51952986582382     
   25.8034936456231        5.53033694608874        4.66580859306815     
  -2.86167228386755     
           4   25.8034936456231        5.53033694608874     
   25.8089415067906        5.53086980262491        4.66634407024765     
  -2.86167258044204     
           5   25.8089415067906        5.53086980262491     
   25.8092096508155        5.53089602841872        4.66637042500948     
  -2.86167258116008     
           1   2.00000000000000        1.00000000000000     
   23.5821164319717        5.30822820500794        4.44255889558849     
  -2.80225603635520     
           2   23.5821164319717        5.30822820500794     
   25.6947358432091        5.51968899735898        4.65510572343900     
  -2.86154899622019     
           3   25.6947358432091        5.51968899735898     
   25.8051186423565        5.53049721701256        4.66596720507814     
  -2.86167228511068     
           4   25.8051186423565        5.53049721701256     
   25.8105673000336        5.53103013489543        4.66650274371025     
  -2.86167258171039     
           5   25.8105673000336        5.53103013489543     
   25.8108354858259        5.53105636395912        4.66652910174841     
  -2.86167258242850     
           1   2.00000000000000        1.00000000000000     
   23.5834670073704        5.30836762905166        4.44269663583635     
  -2.80225310493219     
           2   23.5834670073704        5.30836762905166     
   25.6963459436475        5.51984813974040        4.65526320527651     
  -2.86154898926543     
           3   25.6963459436475        5.51984813974040     
   25.8067438019499        5.53065749891415        4.66612582808042     
  -2.86167228630481     
           4   25.8067438019499        5.53065749891415     
   25.8121932562636        5.53119047815116        4.66666142817260     
  -2.86167258292974     
           5   25.8121932562636        5.53119047815116     
   25.8124614838302        5.53121671048514        4.66668778948750     
  -2.86167258364793     
           1   2.00000000000000        1.00000000000000     
   23.5848177066171        5.30850706184896        4.44283438485292     
  -2.80225017338911     
           2   23.5848177066171        5.30850706184896     
   25.6979562046671        5.52000729296922        4.65542069797596     
  -2.86154898226137     
           3   25.6979562046671        5.52000729296922     
   25.8083691244257        5.53081779179464        4.66628446207615     
  -2.86167228744995     
           4   25.8083691244257        5.53081779179464     
   25.8138193755027        5.53135083239325        4.66682012363585     
  -2.86167258410010     
           5   25.8138193755027        5.53135083239325     
   25.8140876448506        5.53137706799795        4.66684648822791     
  -2.86167258481836     
           1   2.00000000000000        1.00000000000000     
   23.5861685297274        5.30864650340070        4.44297214263903     
  -2.80224724172596     
           2   23.5861685297274        5.30864650340070     
   25.6995666262898        5.52016645704655        4.65557820153847     
  -2.86154897520800     
           3   25.6995666262898        5.52016645704655     
   25.8099946098058        5.53097809565520        4.66644310706647     
  -2.86167228854609     
           4   25.8099946098058        5.53097809565520     
   25.8154456577732        5.53151119762284        4.66697883010113     
  -2.86167258522147     
           5   25.8154456577732        5.53151119762284     
   25.8157139689093        5.53153743649869        4.66700519797078     
  -2.86167258593981     
           1   2.00000000000000        1.00000000000000     
   23.5875194767169        5.30878595370772        4.44310990919555     
  -2.80224430994274     
           2   23.5875194767169        5.30878595370772     
   25.7011772085373        5.52032563197353        4.65573571596520     
  -2.86154896810535     
           3   25.7011772085373        5.52032563197353     
   25.8116202581126        5.53113841049695        4.66660176305253     
  -2.86167228959325     
           4   25.8116202581126        5.53113841049695     
   25.8170721030973        5.53167157384110        4.66713754756961     
  -2.86167258629385     
           5   25.8170721030973        5.53167157384110     
   25.8173404560285        5.53169781598849        4.66716391871725     
  -2.86167258701226     
           1   2.00000000000000        1.00000000000000     
   23.5888705476010        5.30892541277086        4.44324768452330     
  -2.80224137803945     
           2   23.5888705476010        5.30892541277086     
   25.7027879514313        5.52048481775127        4.65589324125723     
  -2.86154896095339     
           3   25.7027879514313        5.52048481775127     
   25.8132460693683        5.53129873632106        4.66676043003546     
  -2.86167229059141     
           4   25.8132460693683        5.53129873632106     
   25.8186987114971        5.53183196104915        4.66729627604242     
  -2.86167258731724     
           5   25.8186987114971        5.53183196104915     
   25.8189671062304        5.53185820646851        4.66732265046847     
  -2.86167258803572     
           1   2.00000000000000        1.00000000000000     
   23.5902217423954        5.30906488059097        4.44338546862314     
  -2.80223844601610     
           2   23.5902217423954        5.30906488059097     
   25.7043988549938        5.52064401438092        4.65605077741573     
  -2.86154895375214     
           3   25.7043988549938        5.52064401438092     
   25.8148720435950        5.53145907312866        4.66691910801644     
  -2.86167229154058     
           4   25.8148720435950        5.53145907312866     
   25.8203254829952        5.53199235924816        4.66745501552072     
  -2.86167258829163     
           5   25.8203254829952        5.53199235924816     
   25.8205939195375        5.53201860793992        4.66748139322561     
  -2.86167258901019     
           1   2.00000000000000        1.00000000000000     
   23.5915730611153        5.30920435716888        4.44352326149590     
  -2.80223551387269     
           2   23.5915730611153        5.30920435716888     
   25.7060099192464        5.52080322186359        4.65620832444181     
  -2.86154894650160     
           3   25.7060099192464        5.52080322186359     
   25.8164981808151        5.53161942092091        4.66707779699659     
  -2.86167229244076     
           4   25.8164981808151        5.53161942092091     
   25.8219524176134        5.53215276843927        4.66761376600566     
  -2.86167258921704     
           5   25.8219524176134        5.53215276843927     
   25.8222208959716        5.53217902040383        4.66764014698979     
  -2.86167258993568     
           1   2.00000000000000        1.00000000000000     
   23.5929245037766        5.30934384250545        4.44366106314244     
  -2.80223258160921     
           2   23.5929245037766        5.30934384250545     
   25.7076211442110        5.52096244020042        4.65636588233659     
  -2.86154893920177     
           3   25.7076211442110        5.52096244020042     
   25.8181244810504        5.53177977969893        4.66723649697704     
  -2.86167229329195     
           4   25.8181244810504        5.53177977969893     
   25.8235795153741        5.53231318862361        4.66777252749835     
  -2.86167259009347     
           5   25.8235795153741        5.53231318862361     
   25.8238480355551        5.53233944386140        4.66779891176216     
  -2.86167259081218     
           1   2.00000000000000        1.00000000000000     
   23.5942760703945        5.30948333660152        4.44379887356359     
  -2.80222964922567     
           2   23.5942760703945        5.30948333660152     
   25.7092325299092        5.52112166939252        4.65652345110119     
  -2.86154893185264     
           3   25.7092325299092        5.52112166939252     
   25.8197509443236        5.53194014946389        4.66739520795897     
  -2.86167229409416     
           4   25.8197509443236        5.53194014946389     
   25.8252067762995        5.53247361980234        4.66793129999997     
  -2.86167259092090     
           5   25.8252067762995        5.53247361980234     
   25.8254753383103        5.53249987831378        4.66795768754387     
  -2.86167259163969     
           1   2.00000000000000        1.00000000000000     
   23.5956277609848        5.30962283945794        4.44393669276021     
  -2.80222671672206     
           2   23.5956277609848        5.30962283945794     
   25.7108440763634        5.52128090944107        4.65668103073680     
  -2.86154892445423     
           3   25.7108440763634        5.52128090944107     
   25.8213775706569        5.53210053021696        4.66755392994354     
  -2.86167229484738     
           4   25.8213775706569        5.53210053021696     
   25.8268342004122        5.53263406197664        4.66809008351170     
  -2.86167259169935     
           5   25.8268342004122        5.53263406197664     
   25.8271028042598        5.53266032376214        4.66811647433611     
  -2.86167259241821     
           1   2.00000000000000        1.00000000000000     
   23.5969795755627        5.30976235107553        4.44407452073312     
  -2.80222378409840     
           2   23.5969795755627        5.30976235107553     
   25.7124557835947        5.52144016034712        4.65683862124446     
  -2.86154891700652     
           3   25.7124557835947        5.52144016034712     
   25.8230043600721        5.53226092195923        4.66771266293185     
  -2.86167229555161     
           4   25.8230043600721        5.53226092195923     
   25.8284617877340        5.53279451514761        4.66824887803463     
  -2.86167259242882     
           5   25.8284617877340        5.53279451514761     
   25.8287304334253        5.53282078020760        4.66827527213996     
  -2.86167259314776     
           1   2.00000000000000        1.00000000000000     
   23.5983315141443        5.30990187145518        4.44421235748321     
  -2.80222085135468     
           2   23.5983315141443        5.30990187145518     
   25.7140676516255        5.52159942211187        4.65699622262538     
  -2.86154890950953     
           3   25.7140676516255        5.52159942211187     
   25.8246313125920        5.53242132469191        4.66787140692509     
  -2.86167229620686     
           4   25.8246313125920        5.53242132469191     
   25.8300895382874        5.53295497931644        4.66840768356994     
  -2.86167259310931     
           5   25.8300895382874        5.53295497931644     
   25.8303582258293        5.53298124765132        4.66843408095662     
  -2.86167259382831     
           1   2.00000000000000        1.00000000000000     
   23.5996835767446        5.31004140059769        4.44435020301127     
  -2.80221791849090     
           2   23.5996835767446        5.31004140059769     
   25.7156796804773        5.52175869473642        4.65715383488064     
  -2.86154890196324     
           3   25.7156796804773        5.52175869473642     
   25.8262584282385        5.53258173841611        4.66803016192439     
  -2.86167229681312     
           4   25.8262584282385        5.53258173841611     
   25.8317174520947        5.53311545448426        4.66856650011878     
  -2.86167259374081     
           5   25.8317174520947        5.53311545448426     
   25.8319861814942        5.53314172609446        4.66859290078723     
  -2.86167259445989     
           1   2.00000000000000        1.00000000000000     
   23.6010357633796        5.31018093850395        4.44448805731820     
  -2.80221498550706     
           2   23.6010357633796        5.31018093850395     
   25.7172918701721        5.52191797822191        4.65731145801140     
  -2.86154889436768     
           3   25.7172918701721        5.52191797822191     
   25.8278857070340        5.53274216313299        4.66818892793091     
  -2.86167229737040     
           4   25.8278857070340        5.53274216313299     
   25.8333455291782        5.53327594065223        4.66872532768231     
  -2.86167259432333     
           5   25.8333455291782        5.53327594065223     
   25.8336143004422        5.53330221553817        4.66875173163293     
  -2.86167259504249     
           1   2.00000000000000        1.00000000000000     
   23.6023880740642        5.31032048517474        4.44462592040478     
  -2.80221205240316     
           2   23.6023880740642        5.31032048517474     
   25.7189042207314        5.52207727256944        4.65746909201875     
  -2.86154888672282     
           3   25.7189042207314        5.52207727256944     
   25.8295131490004        5.53290259884368        4.66834770494577     
  -2.86167229787870     
           4   25.8295131490004        5.53290259884368     
   25.8349737695597        5.53343643782146        4.66888416626163     
  -2.86167259485687     
           5   25.8349737695597        5.53343643782146     
   25.8352425826952        5.53346271598356        4.66891057349485     
  -2.86167259557610     
           1   2.00000000000000        1.00000000000000     
   23.6037405088147        5.31046004061099        4.44476379227193     
  -2.80220911917921     
           2   23.6037405088147        5.31046004061099     
   25.7205167321775        5.52223657778018        4.65762673690386     
  -2.86154887902868     
           3   25.7205167321775        5.52223657778018     
   25.8311407541604        5.53306304554936        4.66850649297015     
  -2.86167229833802     
           4   25.8311407541604        5.53306304554936     
   25.8366021732621        5.53359694599315        4.66904301585794     
  -2.86167259534143     
           5   25.8366021732621        5.53359694599315     
   25.8368710282760        5.53362322743182        4.66906942637419     
  -2.86167259606074     
           1   2.00000000000000        1.00000000000000     
   23.6050930676459        5.31059960481346        4.44490167292042     
  -2.80220618583521     
           2   23.6050930676459        5.31059960481346     
   25.7221294045316        5.52239589385521        4.65778439266782     
  -2.86154887128526     
           3   25.7221294045316        5.52239589385521     
   25.8327685225359        5.53322350325116        4.66866529200517     
  -2.86167229874836     
           4   25.8327685225359        5.53322350325116     
   25.8382307403073        5.53375746516842        4.66920187647236     
  -2.86167259577701     
           5   25.8382307403073        5.53375746516842     
   25.8384996372064        5.53378374988408        4.66922829027204     
  -2.86167259649639     
           1   2.00000000000000        1.00000000000000     
   23.6064457505740        5.31073917778306        4.44503956235117     
  -2.80220325237115     
           2   23.6064457505740        5.31073917778306     
   25.7237422378165        5.52255522079573        4.65794205931182     
  -2.86154886349255     
           3   25.7237422378165        5.52255522079573     
   25.8343964541497        5.53338397195025        4.66882410205202     
  -2.86167229910972     
           4   25.8343964541497        5.53338397195025     
   25.8398594707179        5.53391799534845        4.66936074810608     
  -2.86167259616362     
           5   25.8398594707179        5.53391799534845     
   25.8401284095094        5.53394428334153        4.66938716518961     
  -2.86167259688307     
           1   2.00000000000000        1.00000000000000     
   23.6077985576142        5.31087875952061        4.44517746056497     
  -2.80220031878703     
           2   23.6077985576142        5.31087875952061     
   25.7253552320532        5.52271455860281        4.65809973683692     
  -2.86154885565056     
           3   25.7253552320532        5.52271455860281     
   25.8360245490234        5.53354445164774        4.66898292311181     
  -2.86167229942210     
           4   25.8360245490234        5.53354445164774     
   25.8414883645157        5.53407853653434        4.66951963076019     
  -2.86167259650124     
           5   25.8414883645157        5.53407853653434     
   25.8417573452064        5.53410482780525        4.66954605112800     
  -2.86167259722078     
           1   2.00000000000000        1.00000000000000     
   23.6091514887823        5.31101835002696        4.44531536756269     
  -2.80219738508287     
           2   23.6091514887823        5.31101835002696     
   25.7269683872640        5.52287390727761        4.65825742524430     
  -2.86154884775929     
           3   25.7269683872640        5.52287390727761     
   25.8376528071796        5.53370494234480        4.66914175518570     
  -2.86167229968551     
           4   25.8376528071796        5.53370494234480     
   25.8431174217235        5.53423908872730        4.66967852443589     
  -2.86167259678990     
           5   25.8431174217235        5.53423908872730     
   25.8433864443205        5.53426538327646        4.66970494808840     
  -2.86167259750950     
           1   2.00000000000000        1.00000000000000     
   23.6105045440935        5.31115794930294        4.44545328334516     
  -2.80219445125866     
           2   23.6105045440935        5.31115794930294     
   25.7285817034705        5.52303326682125        4.65841512453507     
  -2.86154883981875     
           3   25.7285817034705        5.52303326682125     
   25.8392812286406        5.53386544404259        4.66930059827485     
  -2.86167229989994     
           4   25.8392812286406        5.53386544404259     
   25.8447466423633        5.53439965192843        4.66983742913431     
  -2.86167259702958     
           5   25.8447466423633        5.53439965192843     
   25.8450157068733        5.53442594975626        4.66986385607193     
  -2.86167259774926     
           1   2.00000000000000        1.00000000000000     
   23.6118577235638        5.31129755734944        4.44559120791326     
  -2.80219151731440     
           2   23.6118577235638        5.31129755734944     
   25.7301951806947        5.52319263723487        4.65857283471037     
  -2.86154883182892     
           3   25.7301951806947        5.52319263723487     
   25.8409098134286        5.53402595674225        4.66945945238040     
  -2.86167230006540     
           4   25.8409098134286        5.53402595674225     
   25.8463760264574        5.53456022613891        4.66999634485660     
  -2.86167259722028     
           5   25.8463760264574        5.53456022613891     
   25.8466451328877        5.53458652724583        4.67002277507976     
  -2.86167259794004     
           1   2.00000000000000        1.00000000000000     
   23.6132110272084        5.31143717416725        4.44572914126779     
  -2.80218858325008     
           2   23.6132110272084        5.31143717416725     
   25.7318088189584        5.52335201851958        4.65873055577132     
  -2.86154882378981     
           3   25.7318088189584        5.52335201851958     
   25.8425385615658        5.53418648044492        4.66961831750349     
  -2.86167230018188     
           4   25.8425385615658        5.53418648044492     
   25.8480055740282        5.53472081135988        4.67015527160391     
  -2.86167259736201     
           5   25.8480055740282        5.53472081135988     
   25.8482747223855        5.53474711574631        4.67018170511302     
  -2.86167259808184     
           1   2.00000000000000        1.00000000000000     
   23.6145644550430        5.31157679975725        4.44586708340963     
  -2.80218564906573     
           2   23.6145644550430        5.31157679975725     
   25.7334226182835        5.52351141067654        4.65888828771906     
  -2.86154881570143     
           3   25.7334226182835        5.52351141067654     
   25.8441674730746        5.53434701515176        4.66977719364529     
  -2.86167230024939     
           4   25.8441674730746        5.53434701515176     
   25.8496352850980        5.53488140759250        4.67031420937741     
  -2.86167259745477     
           5   25.8496352850980        5.53488140759250     
   25.8499044753893        5.53490771525885        4.67034064617289     
  -2.86167259817468     
           1   2.00000000000000        1.00000000000000     
   23.6159180070831        5.31171643412027        4.44600503433960     
  -2.80218271476132     
           2   23.6159180070831        5.31171643412027     
   25.7350365786917        5.52367081370684        4.65904603055470     
  -2.86154880756377     
           3   25.7350365786917        5.52367081370684     
   25.8457965479772        5.53450756086392        4.66993608080693     
  -2.86167230026792     
           4   25.8457965479772        5.53450756086392     
   25.8512651596890        5.53504201483789        4.67047315817821     
  -2.86167259749856     
           5   25.8512651596890        5.53504201483789     
   25.8515343919213        5.53506832578459        4.67049959826049     
  -2.86167259821854     
           1   2.00000000000000        1.00000000000000     
   23.6172716833445        5.31185607725718        4.44614299405858     
  -2.80217978033687     
           2   23.6172716833445        5.31185607725718     
   25.7366507002052        5.52383022761166        4.65920378427940     
  -2.86154879937683     
           3   25.7366507002052        5.52383022761166     
   25.8474257862961        5.53466811758256        4.67009497898959     
  -2.86167230023749     
           4   25.8474257862961        5.53466811758256     
   25.8528951978237        5.53520263309725        4.67063211800750     
  -2.86167259749338     
           5   25.8528951978237        5.53520263309725     
   25.8531644720040        5.53522894732472        4.67065856137700     
  -2.86167259821344     
           1   2.00000000000000        1.00000000000000     
   23.6186254838425        5.31199572916880        4.44628096256738     
  -2.80217684579238     
           2   23.6186254838425        5.31199572916880     
   25.7382649828457        5.52398965239211        4.65936154889429     
  -2.86154879114063     
           3   25.7382649828457        5.52398965239211     
   25.8490551880532        5.53482868530880        4.67025388819439     
  -2.86167230015808     
           4   25.8490551880532        5.53482868530880     
   25.8545253995243        5.53536326237170        4.67079108886642     
  -2.86167259743923     
           5   25.8545253995243        5.53536326237170     
   25.8547947156594        5.53538957988034        4.67081753552354     
  -2.86167259815937     
           1   2.00000000000000        1.00000000000000     
   23.6199794085929        5.31213538985601        4.44641893986689     
  -2.80217391112784     
           2   23.6199794085929        5.31213538985601     
   25.7398794266352        5.52414908804932        4.65951932440049     
  -2.86154878285515     
           3   25.7398794266352        5.52414908804932     
   25.8506847532713        5.53498926404383        4.67041280842250     
  -2.86167230002971     
           4   25.8506847532713        5.53498926404383     
   25.8561557648132        5.53552390266240        4.67095007075613     
  -2.86167259733612     
           5   25.8561557648132        5.53552390266240     
   25.8564251229102        5.53555022345266        4.67097652070130     
  -2.86167259805632     
           1   2.00000000000000        1.00000000000000     
   23.6213334576108        5.31227505931959        4.44655692595788     
  -2.80217097634325     
           2   23.6213334576108        5.31227505931959     
   25.7414940315951        5.52430853458440        4.65967711079911     
  -2.86154877452039     
           3   25.7414940315951        5.52430853458440     
   25.8523144819721        5.53514985378875        4.67057173967503     
  -2.86167229985237     
           4   25.8523144819721        5.53514985378875     
   25.8577862937124        5.53568455397048        4.67110906367774     
  -2.86167259718403     
           5   25.8577862937124        5.53568455397048     
   25.8580556937782        5.53571087804276        4.67113551691138     
  -2.86167259790432     
           1   2.00000000000000        1.00000000000000     
   23.6226876309126        5.31241473756048        4.44669492084130     
  -2.80216804143863     
           2   23.6226876309126        5.31241473756048     
   25.7431087977479        5.52446799199853        4.65983490809132     
  -2.86154876613637     
           3   25.7431087977479        5.52446799199853     
   25.8539443741785        5.53531045454477        4.67073068195319     
  -2.86167229962606     
           4   25.8539443741785        5.53531045454477     
   25.8594169862447        5.53584521629713        4.67126806763245     
  -2.86167259698299     
           5   25.8594169862447        5.53584521629713     
   25.8596864282863        5.53587154365185        4.67129452415498     
  -2.86167259770334     
           1   2.00000000000000        1.00000000000000     
   23.6240419285133        5.31255442457946        4.44683292451793     
  -2.80216510641397     
           2   23.6240419285133        5.31255442457946     
   25.7447237251153        5.52462746029282        4.65999271627825     
  -2.86154875770307     
           3   25.7447237251153        5.52462746029282     
   25.8555744299126        5.53547106631301        4.67088963525811     
  -2.86167229935078     
           4   25.8555744299126        5.53547106631301     
   25.8610478424322        5.53600588964349        4.67142708262141     
  -2.86167259673297     
           5   25.8610478424322        5.53600588964349     
   25.8613173264566        5.53603222028108        4.67145354243324     
  -2.86167259745340     
           1   2.00000000000000        1.00000000000000     
   23.6253963504286        5.31269412037739        4.44697093698863     
  -2.80216217126927     
           2   23.6253963504286        5.31269412037739     
   25.7463388137191        5.52478693946839        4.66015053536101     
  -2.86154874922051     
           3   25.7463388137191        5.52478693946839     
   25.8572046491965        5.53563168909461        4.67104859959091     
  -2.86167229902654     
           4   25.8572046491965        5.53563168909461     
   25.8626788622972        5.53616657401069        4.67158610864573     
  -2.86167259643399     
           5   25.8626788622972        5.53616657401069     
   25.8629483883114        5.53619290793157        4.67161257174731     
  -2.86167259715450     
           1   2.00000000000000        1.00000000000000     
   23.6267508966741        5.31283382495513        4.44710895825424     
  -2.80215923600453     
           2   23.6267508966741        5.31283382495513     
   25.7479540635812        5.52494642952637        4.66030836534073     
  -2.86154874068867     
           3   25.7479540635812        5.52494642952637     
   25.8588350320527        5.53579232289075        4.67120757495278     
  -2.86167229865333     
           4   25.8588350320527        5.53579232289075     
   25.8643100458621        5.53632726939991        4.67174514570661     
  -2.86167259608605     
           5   25.8643100458621        5.53632726939991     
   25.8645796138730        5.53635360660448        4.67177161209832     
  -2.86167259680663     
           1   2.00000000000000        1.00000000000000     
   23.6281055672655        5.31297353831353        4.44724698831563     
  -2.80215630061975     
           2   23.6281055672655        5.31297353831353     
   25.7495694747236        5.52510593046793        4.66046620621857     
  -2.86154873210757     
           3   25.7495694747236        5.52510593046793     
   25.8604655785036        5.53595296770256        4.67136656134486     
  -2.86167229823117     
           4   25.8604655785036        5.53595296770256     
   25.8659413931494        5.53648797581229        4.67190419380518     
  -2.86167259568915     
           5   25.8659413931494        5.53648797581229     
   25.8662110031639        5.53651431630099        4.67193066348746     
  -2.86167259640981     
           1   2.00000000000000        1.00000000000000     
   23.6294603622183        5.31311326045343        4.44738502717363     
  -2.80215336511494     
           2   23.6294603622183        5.31311326045343     
   25.7511850471682        5.52526544229416        4.66062405799565     
  -2.86154872347721     
           3   25.7511850471682        5.52526544229416     
   25.8620962885714        5.53611362353120        4.67152555876830     
  -2.86167229776003     
           4   25.8620962885714        5.53611362353120     
   25.8675729041812        5.53664869324899        4.67206325294259     
  -2.86167259524329     
           5   25.8675729041812        5.53664869324899     
   25.8678425562064        5.53667503702223        4.67208972591586     
  -2.86167259596402     
           1   2.00000000000000        1.00000000000000     
   23.6308152815480        5.31325299137566        4.44752307482909     
  -2.80215042949009     
           2   23.6308152815480        5.31325299137566     
   25.7528007809367        5.52542496500621        4.66078192067309     
  -2.86154871479758     
           3   25.7528007809367        5.52542496500621     
   25.8637271622784        5.53627429037782        4.67168456722424     
  -2.86167229723994     
           4   25.8637271622784        5.53627429037782     
   25.8692045789798        5.53680942171114        4.67222232311999     
  -2.86167259474846     
           5   25.8692045789798        5.53680942171114     
   25.8694742730227        5.53683576876934        4.67224879938467     
  -2.86167259546927     
           1   2.00000000000000        1.00000000000000     
   23.6321703252703        5.31339273108109        4.44766113128286     
  -2.80214749374520     
           2   23.6321703252703        5.31339273108109     
   25.7544166760512        5.52558449860522        4.66093979425203     
  -2.86154870606868     
           3   25.7544166760512        5.52558449860522     
   25.8653581996469        5.53643496824356        4.67184358671384     
  -2.86167229667089     
           4   25.8653581996469        5.53643496824356     
   25.8708364175679        5.53697016119991        4.67238140433854     
  -2.86167259420468     
           5   25.8708364175679        5.53697016119991     
   25.8711061536352        5.53699651154350        4.67240788389505     
  -2.86167259492556     
           1   2.00000000000000        1.00000000000000     
   23.6335254934007        5.31353247957056        4.44779919653578     
  -2.80214455788028     
           2   23.6335254934007        5.31353247957056     
   25.7560327325335        5.52574404309230        4.66109767873360     
  -2.86154869729052     
           3   25.7560327325335        5.52574404309230     
   25.8669894006994        5.53659565712959        4.67200261723825     
  -2.86167229605288     
           4   25.8669894006994        5.53659565712959     
   25.8724684199675        5.53713091171646        4.67254049659939     
  -2.86167259361194     
           5   25.8724684199675        5.53713091171646     
   25.8727381980663        5.53715726534584        4.67256697944814     
  -2.86167259433290     
           1   2.00000000000000        1.00000000000000     
   23.6348807859551        5.31367223684493        4.44793727058871     
  -2.80214162189533     
           2   23.6348807859551        5.31367223684493     
   25.7576489504060        5.52590359846864        4.66125557411897     
  -2.86154868846310     
           3   25.7576489504060        5.52590359846864     
   25.8686207654583        5.53675635703707        4.67216165879865     
  -2.86167229538591     
           4   25.8686207654583        5.53675635703707     
   25.8741005862013        5.53729167326195        4.67269959990372     
  -2.86167259297024     
           5   25.8741005862013        5.53729167326195     
   25.8743704063388        5.53731803017756        4.67272608604515     
  -2.86167259369127     
           1   2.00000000000000        1.00000000000000     
   23.6362362029488        5.31381200290504        4.44807535344250     
  -2.80213868579035     
           2   23.6362362029488        5.31381200290504     
   25.7592653296899        5.52606316473530        4.66141348040922     
  -2.86154867958641     
           3   25.7592653296899        5.52606316473530     
   25.8702522939457        5.53691706796713        4.67232071139616     
  -2.86167229466998     
           4   25.8702522939457        5.53691706796713     
   25.8757329162914        5.53745244583750        4.67285871425264     
  -2.86167259227959     
           5   25.8757329162914        5.53745244583750     
   25.8760027784744        5.53747880603976        4.67288520368716     
  -2.86167259300069     
           1   2.00000000000000        1.00000000000000     
   23.6375917443977        5.31395177775174        4.44821344509799     
  -2.80213574956534     
           2   23.6375917443977        5.31395177775174     
   25.7608818704077        5.52622274189346        4.66157139760552     
  -2.86154867066047     
           3   25.7608818704077        5.52622274189346     
   25.8718839861841        5.53707778992094        4.67247977503194     
  -2.86167229390509     
           4   25.8718839861841        5.53707778992094     
   25.8773654102603        5.53761322944430        4.67301783964733     
  -2.86167259153998     
           5   25.8773654102603        5.53761322944430     
   25.8776353144959        5.53763959293363        4.67304433237537     
  -2.86167259226116     
           1   2.00000000000000        1.00000000000000     
   23.6389474103169        5.31409156138585        4.44835154555602     
  -2.80213281322030     
           2   23.6389474103169        5.31409156138585     
   25.7624985725809        5.52638232994423        4.66172932570898     
  -2.86154866168527     
           3   25.7624985725809        5.52638232994423     
   25.8735158421957        5.53723852289962        4.67263884970713     
  -2.86167229309125     
           4   25.8735158421957        5.53723852289962     
   25.8789980681302        5.53777402408347        4.67317697608893     
  -2.86167259075142     
           5   25.8789980681302        5.53777402408347     
   25.8792680144253        5.53780039086028        4.67320347211089     
  -2.86167259147267     
           1   2.00000000000000        1.00000000000000     
   23.6403032007225        5.31423135380826        4.44848965481744     
  -2.80212987675523     
           2   23.6403032007225        5.31423135380826     
   25.7641154362318        5.52654192888877        4.66188726472074     
  -2.86154865266080     
           3   25.7641154362318        5.52654192888877     
   25.8751478620031        5.53739926690437        4.67279793542291     
  -2.86167229222846     
           4   25.8751478620031        5.53739926690437     
   25.8806308899238        5.53793482975620        4.67333612357861     
  -2.86167258991390     
           5   25.8806308899238        5.53793482975620     
   25.8809008782853        5.53796119982090        4.67336262289492     
  -2.86167259063523     
           1   2.00000000000000        1.00000000000000     
   23.6416591156300        5.31437115501980        4.44862777288312     
  -2.80212694017014     
           2   23.6416591156300        5.31437115501980     
   25.7657324613821        5.52670153872819        4.66204521464195     
  -2.86154864358708     
           3   25.7657324613821        5.52670153872819     
   25.8767800456284        5.53756002193631        4.67295703218042     
  -2.86167229131671     
           4   25.8767800456284        5.53756002193631     
   25.8822638756632        5.53809564646361        4.67349528211751     
  -2.86167258902743     
           5   25.8822638756632        5.53809564646361     
   25.8825339060982        5.53812201981664        4.67352178472859     
  -2.86167258974884     
           1   2.00000000000000        1.00000000000000     
   23.6430151550549        5.31451096502131        4.44876589975388     
  -2.80212400346501     
           2   23.6430151550549        5.31451096502131     
   25.7673496480538        5.52686115946364        4.66220317547373     
  -2.86154863446411     
           3   25.7673496480538        5.52686115946364     
   25.8784123930942        5.53772078799661        4.67311613998081     
  -2.86167229035601     
           4   25.8784123930942        5.53772078799661     
   25.8838970253710        5.53825647420689        4.67365445170680     
  -2.86167258809201     
           5   25.8838970253710        5.53825647420689     
   25.8841670978864        5.53828285084866        4.67368095761307     
  -2.86167258881349     
           1   2.00000000000000        1.00000000000000     
   23.6443713190129        5.31465078381365        4.44890403543059     
  -2.80212106663986     
           2   23.6443713190129        5.31465078381365     
   25.7689669962689        5.52702079109624        4.66236114721721     
  -2.86154862529188     
           3   25.7689669962689        5.52702079109624     
   25.8800449044226        5.53788156508640        4.67327525882523     
  -2.86167228934636     
           4   25.8800449044226        5.53788156508640     
   25.8855303390692        5.53841731298714        4.67381363234760     
  -2.86167258710764     
           5   25.8855303390692        5.53841731298714     
   25.8858004536721        5.53844369291808        4.67384014154948     
  -2.86167258782920     
           1   2.00000000000000        1.00000000000000     
   23.6457276075196        5.31479061139767        4.44904217991409     
  -2.80211812969469     
           2   23.6457276075196        5.31479061139767     
   25.7705845060493        5.52718043362714        4.66251912987354     
  -2.86154861607039     
           3   25.7705845060493        5.52718043362714     
   25.8816775796363        5.53804235320687        4.67343438871485     
  -2.86167228828775     
           4   25.8816775796363        5.53804235320687     
   25.8871638167808        5.53857816280558        4.67397282404110     
  -2.86167258607432     
           5   25.8871638167808        5.53857816280558     
   25.8874339734780        5.53860454602611        4.67399933653902     
  -2.86167258679595     
           1   2.00000000000000        1.00000000000000     
   23.6470840205908        5.31493044777423        4.44918033320523     
  -2.80211519262950     
           2   23.6470840205908        5.31493044777423     
   25.7722021774170        5.52734008705747        4.66267712344385     
  -2.86154860679965     
           3   25.7722021774170        5.52734008705747     
   25.8833104187574        5.53820315235915        4.67359352965081     
  -2.86167228718020     
           4   25.8833104187574        5.53820315235915     
   25.8887974585277        5.53873902366332        4.67413202678845     
  -2.86167258499206     
           5   25.8887974585277        5.53873902366332     
   25.8890676573264        5.53876541017386        4.67415854258282     
  -2.86167258571376     
           1   2.00000000000000        1.00000000000000     
   23.6484405582417        5.31507029294414        4.44931849530485     
  -2.80211225544428     
           2   23.6484405582417        5.31507029294414     
   25.7738200103939        5.52749975138836        4.66283512792926     
  -2.86154859747965     
           3   25.7738200103939        5.52749975138836     
   25.8849434218083        5.53836396254438        4.67375268163425     
  -2.86167228602370     
           4   25.8849434218083        5.53836396254438     
   25.8904312643324        5.53889989556152        4.67429124059078     
  -2.86167258386084     
           5   25.8904312643324        5.53889989556152     
   25.8907015052395        5.53892628536249        4.67431775968203     
  -2.86167258458262     
           1   2.00000000000000        1.00000000000000     
   23.6497972204883        5.31521014690828        4.44945666621381     
  -2.80210931813904     
           2   23.6497972204883        5.31521014690828     
   25.7754380050019        5.52765942662093        4.66299314333091     
  -2.86154858811041     
           3   25.7754380050019        5.52765942662093     
   25.8865765888114        5.53852478376373        4.67391184466634     
  -2.86167228481825     
           4   25.8865765888114        5.53852478376373     
   25.8920652342174        5.53906077850135        4.67445046544927     
  -2.86167258268068     
           5   25.8920652342174        5.53906077850135     
   25.8923355172398        5.53908717159316        4.67447698783781     
  -2.86167258340254     
           1   2.00000000000000        1.00000000000000     
   23.6511540073464        5.31535000966752        4.44959484593298     
  -2.80210638071378     
           2   23.6511540073464        5.31535000966752     
   25.7770561612633        5.52781911275637        4.66315116964997     
  -2.86154857869191     
           3   25.7770561612633        5.52781911275637     
   25.8882099197895        5.53868561601839        4.67407101874827     
  -2.86167228356385     
           4   25.8882099197895        5.53868561601839     
   25.8936993682053        5.53922167248398        4.67460970136508     
  -2.86167258145157     
           5   25.8936993682053        5.53922167248398     
   25.8939696933502        5.53924806886707        4.67463622705135     
  -2.86167258217350     
           1   2.00000000000000        1.00000000000000     
   23.6525109188311        5.31548988122265        4.44973303446316     
  -2.80210344316850     
           2   23.6525109188311        5.31548988122265     
   25.7786744791996        5.52797880979575        4.66330920688752     
  -2.86154856922416     
           3   25.7786744791996        5.52797880979575     
   25.8898434147643        5.53884645930946        4.67423020388113     
  -2.86167228226051     
           4   25.8898434147643        5.53884645930946     
   25.8953336663181        5.53938257751052        4.67476894833934     
  -2.86167258017352     
           5   25.8953336663181        5.53938257751052     
   25.8956040335923        5.53940897718530        4.67479547732374     
  -2.86167258089553     
           1   2.00000000000000        1.00000000000000     
   23.6538679549584        5.31562976157457        4.44987123180523     
  -2.80210050550320     
           2   23.6538679549584        5.31562976157457     
   25.7802929588332        5.52813851774026        4.66346725504474     
  -2.86154855970717     
           3   25.7802929588332        5.52813851774026     
   25.8914770737587        5.53900731363812        4.67438940006612     
  -2.86167228090822     
           4   25.8914770737587        5.53900731363812     
   25.8969681285785        5.53954349358216        4.67492820637323     
  -2.86167257884653     
           5   25.8969681285785        5.53954349358216     
   25.8972385379891        5.53956989654905        4.67495473865618     
  -2.86167257956861     
           1   2.00000000000000        1.00000000000000     
   23.6552251157437        5.31576965072409        4.45000943796003     
  -2.80209756771789     
           2   23.6552251157437        5.31576965072409     
   25.7819116001857        5.52829823659098        4.66362531412273     
  -2.86154855014093     
           3   25.7819116001857        5.52829823659098     
   25.8931108967947        5.53916817900550        4.67454860730435     
  -2.86167227950699     
           4   25.8931108967947        5.53916817900550     
   25.8986027550087        5.53970442070004        4.67508747546787     
  -2.86167257747059     
           5   25.8986027550087        5.53970442070004     
   25.8988732065627        5.53973082695946        4.67511401104981     
  -2.86167257819275     
           1   2.00000000000000        1.00000000000000     
   23.6565824012029        5.31590954867210        4.45014765292842     
  -2.80209462981256     
           2   23.6565824012029        5.31590954867210     
   25.7835304032794        5.52845796634909        4.66378338412265     
  -2.86154854052544     
           3   25.7835304032794        5.52845796634909     
   25.8947448838951        5.53932905541279        4.67470782559702     
  -2.86167227805682     
           4   25.8947448838951        5.53932905541279     
   25.9002375456314        5.53986535886532        4.67524675562446     
  -2.86167257604571     
           5   25.9002375456314        5.53986535886532     
   25.9005080393357        5.53989176841769        4.67527329450579     
  -2.86167257676794     
           1   2.00000000000000        1.00000000000000     
   23.6579398113517        5.31604945541944        4.45028587671126     
  -2.80209169178721     
           2   23.6579398113517        5.31604945541944     
   25.7851493681364        5.52861770701574        4.66394146504566     
  -2.86154853086070     
           3   25.7851493681364        5.52861770701574     
   25.8963790350822        5.53948994286114        4.67486705494528     
  -2.86167227655770     
           4   25.8963790350822        5.53948994286114     
   25.9018725004690        5.54002630807918        4.67540604684414     
  -2.86167257457189     
           5   25.9018725004690        5.54002630807918     
   25.9021430363307        5.54005272092493        4.67543258902531     
  -2.86167257529420     
           1   2.00000000000000        1.00000000000000     
   23.6592973462054        5.31618937096694        4.45042410930936     
  -2.80208875364185     
           2   23.6592973462054        5.31618937096694     
   25.7867684947780        5.52877745859200        4.66409955689283     
  -2.86154852114672     
           3   25.7867684947780        5.52877745859200     
   25.8980133503782        5.53965084135167        4.67502629535025     
  -2.86167227500965     
           4   25.8980133503782        5.53965084135167     
   25.9035076195436        5.54018726834273        4.67556534912805     
  -2.86167257304913     
           5   25.9035076195436        5.54018726834273     
   25.9037781975697        5.54021368448227        4.67559189460945     
  -2.86167257377151     
           1   2.00000000000000        1.00000000000000     
   23.6606550057800        5.31632929531546        4.45056235072361     
  -2.80208581537648     
           2   23.6606550057800        5.31632929531546     
   25.7883877832269        5.52893722107907        4.66425765966535     
  -2.86154851138349     
           3   25.7883877832269        5.52893722107907     
   25.8996478298059        5.53981175088559        4.67518554681314     
  -2.86167227341265     
           4   25.8996478298059        5.53981175088559     
   25.9051429028781        5.54034823965717        4.67572466247737     
  -2.86167257147743     
           5   25.9051429028781        5.54034823965717     
   25.9054135230756        5.54037465909094        4.67575121125945     
  -2.86167257219989     
           1   2.00000000000000        1.00000000000000     
   23.6620127900908        5.31646922846584        4.45070060095483     
  -2.80208287699110     
           2   23.6620127900908        5.31646922846584     
   25.7900072335047        5.52909699447805        4.66441577336433     
  -2.86154850157102     
           3   25.7900072335047        5.52909699447805     
   25.9012824733873        5.53997267146401        4.67534480933505     
  -2.86167227176671     
           4   25.9012824733873        5.53997267146401     
   25.9067783504945        5.54050922202362        4.67588398689324     
  -2.86167256985680     
           5   25.9067783504945        5.54050922202362     
   25.9070490128703        5.54053564475202        4.67591053897639     
  -2.86167257057933     
           1   2.00000000000000        1.00000000000000     
   23.6633706991537        5.31660917041896        4.45083886000389     
  -2.80207993848570     
           2   23.6633706991537        5.31660917041896     
   25.7916268456335        5.52925677879007        4.66457389799091     
  -2.86154849170931     
           3   25.7916268456335        5.52925677879007     
   25.9029172811447        5.54013360308808        4.67550408291713     
  -2.86167227007184     
           4   25.9029172811447        5.54013360308808     
   25.9084139624154        5.54067021544324        4.67604332237680     
  -2.86167256818723     
           5   25.9084139624154        5.54067021544324     
   25.9086846669766        5.54069664146671        4.67606987776146     
  -2.86167256890983     
           1   2.00000000000000        1.00000000000000     
   23.6647287329844        5.31674912117564        4.45097712787163     
  -2.80207699986029     
           2   23.6647287329844        5.31674912117564     
   25.7932466196355        5.52941657401632        4.66473203354625     
  -2.86154848179836     
           3   25.7932466196355        5.52941657401632     
   25.9045522531012        5.54029454575900        4.67566336756061     
  -2.86167226832803     
           4   25.9045522531012        5.54029454575900     
   25.9100497386636        5.54083121991724        4.67620266892926     
  -2.86167256646872     
           5   25.9100497386636        5.54083121991724     
   25.9103204854171        5.54085764923619        4.67622922761586     
  -2.86167256719140     
           1   2.00000000000000        1.00000000000000     
   23.6660868915985        5.31688908073676        4.45111540455892     
  -2.80207406111488     
           2   23.6660868915985        5.31688908073676     
   25.7948665555325        5.52957638015789        4.66489018003147     
  -2.86154847183817     
           3   25.7948665555325        5.52957638015789     
   25.9061873892788        5.54045549947791        4.67582266326659     
  -2.86167226653528     
           4   25.9061873892788        5.54045549947791     
   25.9116856792611        5.54099223544672        4.67636202655174     
  -2.86167256470128     
           5   25.9116856792611        5.54099223544672     
   25.9119564682140        5.54101866806157        4.67638858854068     
  -2.86167256542403     
           1   2.00000000000000        1.00000000000000     
   23.6674451750113        5.31702904910311        4.45125369006656     
  -2.80207112224945     
           2   23.6674451750113        5.31702904910311     
   25.7964866533463        5.52973619721591        4.66504833744767     
  -2.86154846182874     
           3   25.7964866533463        5.52973619721591     
   25.9078226896998        5.54061646424593        4.67598197003621     
  -2.86167226469360     
           4   25.9078226896998        5.54061646424593     
   25.9133217842302        5.54115326203283        4.67652139524537     
  -2.86167256288490     
           5   25.9133217842302        5.54115326203283     
   25.9135926153897        5.54117969794402        4.67654796053710     
  -2.86167256360773     
           1   2.00000000000000        1.00000000000000     
   23.6688035832390        5.31716902627561        4.45139198439545     
  -2.80206818326402     
           2   23.6688035832390        5.31716902627561     
   25.7981069130993        5.52989602519155        4.66520650579605     
  -2.86154845177007     
           3   25.7981069130993        5.52989602519155     
   25.9094581543868        5.54077744006426        4.67614128787067     
  -2.86167226280298     
           4   25.9094581543868        5.54077744006426     
   25.9149580535939        5.54131429967677        4.67668077501136     
  -2.86167256101959     
           5   25.9149580535939        5.54131429967677     
   25.9152289269667        5.54134073888470        4.67670734360628     
  -2.86167256174250     
           1   2.00000000000000        1.00000000000000     
   23.6701621162971        5.31730901225508        4.45153028754644     
  -2.80206524415858     
           2   23.6701621162971        5.31730901225508     
   25.7997273348135        5.53005586408594        4.66536468507773     
  -2.86154844166216     
           3   25.7997273348135        5.53005586408594     
   25.9110937833624        5.54093842693404        4.67630061677111     
  -2.86167226086343     
           4   25.9110937833624        5.54093842693404     
   25.9165944873745        5.54147534837969        4.67684016585085     
  -2.86167255910535     
           5   25.9165944873745        5.54147534837969     
   25.9168654029677        5.54150179088478        4.67686673774938     
  -2.86167255982833     
           1   2.00000000000000        1.00000000000000     
   23.6715207742013        5.31744900704239        4.45166859952036     
  -2.80206230493314     
           2   23.6715207742013        5.31744900704239     
   25.8013479185109        5.53021571390022        4.66552287529383     
  -2.86154843150502     
           3   25.8013479185109        5.53021571390022     
   25.9127295766489        5.54109942485644        4.67645995673869     
  -2.86167225887495     
           4   25.9127295766489        5.54109942485644     
   25.9182310855944        5.54163640814274        4.67699956776500     
  -2.86167255714218     
           5   25.9182310855944        5.54163640814274     
   25.9185020434151        5.54166285394543        4.67702614296758     
  -2.86167255786523     
           1   2.00000000000000        1.00000000000000     
   23.6728795569670        5.31758901063834        4.45180692031805     
  -2.80205936558769     
           2   23.6728795569670        5.31758901063834     
   25.8029686642131        5.53037557463549        4.66568107644548     
  -2.86154842129864     
           3   25.8029686642131        5.53037557463549     
   25.9143655342685        5.54126043383258        4.67661930777454     
  -2.86167225683753     
           4   25.9143655342685        5.54126043383258     
   25.9198678482758        5.54179747896705        4.67715898075494     
  -2.86167255513007     
           5   25.9198678482758        5.54179747896705     
   25.9201388483309        5.54182392806775        4.67718555926197     
  -2.86167255585321     
           1   2.00000000000000        1.00000000000000     
   23.6742384646102        5.31772902304385        4.45194524994039     
  -2.80205642612224     
           2   23.6742384646102        5.31772902304385     
   25.8045895719427        5.53053544629294        4.66583928853385     
  -2.86154841104303     
           3   25.8045895719427        5.53053544629294     
   25.9160016562441        5.54142145386365        4.67677866987985     
  -2.86167225475119     
           4   25.9160016562441        5.54142145386365     
   25.9215047754417        5.54195856085382        4.67731840482187     
  -2.86167255306904     
           5   25.9215047754417        5.54195856085382     
   25.9217758177382        5.54198501325295        4.67734498663378     
  -2.86167255379225     
           1   2.00000000000000        1.00000000000000     
   23.6755974971464        5.31786904425972        4.45208358838822     
  -2.80205348653679     
           2   23.6755974971464        5.31786904425972     
   25.8062106417214        5.53069532887368        4.66599751156006     
  -2.86154840073818     
           3   25.8062106417214        5.53069532887368     
   25.9176379425979        5.54158248495080        4.67693804305577     
  -2.86167225261591     
           4   25.9176379425979        5.54158248495080     
   25.9231418671142        5.54211965380419        4.67747783996691     
  -2.86167255095908     
           5   25.9231418671142        5.54211965380419     
   25.9234129516593        5.54214610950218        4.67750442508414     
  -2.86167255168237     
           1   2.00000000000000        1.00000000000000     
   23.6769566545915        5.31800907428683        4.45222193566240     
  -2.80205054683134     
           2   23.6769566545915        5.31800907428683     
   25.8078318735715        5.53085522237886        4.66615574552526     
  -2.86154839038410     
           3   25.8078318735715        5.53085522237886     
   25.9192743933526        5.54174352709521        4.67709742730346     
  -2.86167225043171     
           4   25.9192743933526        5.54174352709521     
   25.9247791233160        5.54228075781932        4.67763728619126     
  -2.86167254880020     
           5   25.9247791233160        5.54228075781932     
   25.9250502501165        5.54230721681659        4.67766387461420     
  -2.86167254952355     
           1   2.00000000000000        1.00000000000000     
   23.6783159369610        5.31814911312602        4.45236029176376     
  -2.80204760700588     
           2   23.6783159369610        5.31814911312602     
   25.8094532675149        5.53101512680962        4.66631399043057     
  -2.86154837998079     
           3   25.8094532675149        5.53101512680962     
   25.9209110085304        5.54190458029800        4.67725682262407     
  -2.86167224819858     
           4   25.9209110085304        5.54190458029800     
   25.9264165440695        5.54244187290038        4.67779674349605     
  -2.86167254659238     
           5   25.9264165440695        5.54244187290038     
   25.9266877131326        5.54246833519735        4.67782333522514     
  -2.86167254731582     
           1   2.00000000000000        1.00000000000000     
   23.6796753442706        5.31828916077815        4.45249865669318     
  -2.80204466706043     
           2   23.6796753442706        5.31828916077815     
   25.8110748235736        5.53117504216709        4.66647224627715     
  -2.86154836952825     
           3   25.8110748235736        5.53117504216709     
   25.9225477881538        5.54206564456034        4.67741622901875     
  -2.86167224591653     
           4   25.9225477881538        5.54206564456034     
   25.9280541293973        5.54260299904851        4.67795621188244     
  -2.86167254433565     
           5   25.9280541293973        5.54260299904851     
   25.9283253407299        5.54262946464561        4.67798280691811     
  -2.86167254505916     
           1   2.00000000000000        1.00000000000000     
   23.6810348765359        5.31842921724404        4.45263703045147     
  -2.80204172699498     
           2   23.6810348765359        5.31842921724404     
   25.8126965417695        5.53133496845239        4.66663051306610     
  -2.86154835902648     
           3   25.8126965417695        5.53133496845239     
   25.9241847322452        5.54222671988338        4.67757564648866     
  -2.86167224358554     
           4   25.9241847322452        5.54222671988338     
   25.9296918793214        5.54276413626486        4.67811569135158     
  -2.86167254202999     
           5   25.9296918793214        5.54276413626486     
   25.9299631329306        5.54279060516250        4.67814228969424     
  -2.86167254275357     
           1   2.00000000000000        1.00000000000000     
   23.6823945337725        5.31856928252456        4.45277541303950     
  -2.80203878680953     
           2   23.6823945337725        5.31856928252456     
   25.8143184221247        5.53149490566667        4.66678879079859     
  -2.86154834847548     
           3   25.8143184221247        5.53149490566667     
   25.9258218408270        5.54238780626827        4.67773507503494     
  -2.86167224120564     
           4   25.9258218408270        5.54238780626827     
   25.9313297938648        5.54292528455060        4.67827518190463     
  -2.86167253967540     
           5   25.9313297938648        5.54292528455060     
   25.9316010897575        5.54295175674921        4.67830178355471     
  -2.86167254039906     
           1   2.00000000000000        1.00000000000000     
   23.6837543159966        5.31870935662059        4.45291380445816     
  -2.80203584650409     
           2   23.6837543159966        5.31870935662059     
   25.8159404646617        5.53165485381111        4.66694707947577     
  -2.86154833787525     
           3   25.8159404646617        5.53165485381111     
   25.9274591139223        5.54254890371621        4.67789451465881     
  -2.86167223877681     
           4   25.9274591139223        5.54254890371621     
   25.9329678730500        5.54308644390692        4.67843468354279     
  -2.86167253727189     
           5   25.9329678730500        5.54308644390692     
   25.9332392112334        5.54311291940692        4.67846128850071     
  -2.86167253799563     
           1   2.00000000000000        1.00000000000000     
   23.6851142232235        5.31884943953296        4.45305220470825     
  -2.80203290607865     
           2   23.6851142232235        5.31884943953296     
   25.8175626694022        5.53181481288681        4.66710537909875     
  -2.86154832722580     
           3   25.8175626694022        5.53181481288681     
   25.9290965515530        5.54271001222834        4.67805396536138     
  -2.86167223629906     
           4   25.9290965515530        5.54271001222834     
   25.9346061168994        5.54324761433494        4.67859419626718     
  -2.86167253481947     
           5   25.9346061168994        5.54324761433494     
   25.9348774973804        5.54327409313675        4.67862080453336     
  -2.86167253554327     
           1   2.00000000000000        1.00000000000000     
   23.6864742554690        5.31898953126251        4.45319061379065     
  -2.80202996553321     
           2   23.6864742554690        5.31898953126251     
   25.8191850363684        5.53197478289493        4.66726368966871     
  -2.86154831652712     
           3   25.8191850363684        5.53197478289493     
   25.9307341537419        5.54287113180581        4.67821342714383     
  -2.86167223377238     
           4   25.9307341537419        5.54287113180581     
   25.9362445254356        5.54340879583586        4.67875372007898     
  -2.86167253231812     
           5   25.9362445254356        5.54340879583586     
   25.9365159482213        5.54343527793990        4.67878033165384     
  -2.86167253304200     
           1   2.00000000000000        1.00000000000000     
   23.6878344127487        5.31912963181011        4.45332903170620     
  -2.80202702486779     
           2   23.6878344127487        5.31912963181011     
   25.8208075655820        5.53213476383656        4.66742201118672     
  -2.86154830577922     
           3   25.8208075655820        5.53213476383656     
   25.9323719205109        5.54303226244976        4.67837290000727     
  -2.86167223119679     
           4   25.9323719205109        5.54303226244976     
   25.9378830986807        5.54356998841078        4.67891325497932     
  -2.86167252976785     
           5   25.9378830986807        5.54356998841078     
   25.9381545637781        5.54359647381747        4.67893986986328     
  -2.86167253049181     
